This file contains any messages produced by compilers while
running configure, to aid debugging if configure makes a mistake.

It was created by configure, which was
generated by GNU Autoconf 2.53.  Invocation command line was

  $ ./configure --prefix=/tmp

## --------- ##
## Platform. ##
## --------- ##

hostname = q-bert.lkpg.cendio.se
uname -m = i686
uname -r = 2.4.18-17.8.0
uname -s = Linux
uname -v = #1 Tue Oct 8 11:25:39 EDT 2002

/usr/bin/uname -p = unknown
/bin/uname -X     = unknown

/bin/arch              = i686
/usr/bin/arch -k       = unknown
/usr/convex/getsysinfo = unknown
hostinfo               = unknown
/bin/machine           = unknown
/usr/bin/oslevel       = unknown
/bin/universe          = unknown

PATH: /bin
PATH: /usr/bin
PATH: /usr/X11R6/bin
PATH: /usr/local/bin
PATH: /opt/local/bin
PATH: /usr/gnu/bin
PATH: /sbin
PATH: /usr/sbin


## ----------- ##
## Core tests. ##
## ----------- ##

configure:1228: checking for a BSD-compatible install
configure:1282: result: /usr/bin/install -c
configure:1293: checking whether build environment is sane
configure:1336: result: yes
configure:1351: checking whether make sets ${MAKE}
configure:1371: result: yes
configure:1403: checking for working aclocal-1.4
configure:1410: result: found
configure:1418: checking for working autoconf
configure:1425: result: found
configure:1433: checking for working automake-1.4
configure:1440: result: found
configure:1448: checking for working autoheader
configure:1455: result: found
configure:1463: checking for working makeinfo
configure:1470: result: found
configure:1479: checking whether to enable maintainer-specific portions of Makefiles
configure:1488: result: no
configure:1554: checking for gcc
configure:1570: found /usr/bin/gcc
configure:1580: result: gcc
configure:1824: checking for C compiler version
configure:1827: gcc --version </dev/null >&5
gcc (GCC) 3.2 20020903 (Red Hat Linux 8.0 3.2-7)
Copyright (C) 2002 Free Software Foundation, Inc.
This is free software; see the source for copying conditions.  There is NO
warranty; not even for MERCHANTABILITY or FITNESS FOR A PARTICULAR PURPOSE.

configure:1830: $? = 0
configure:1832: gcc -v </dev/null >&5
Reading specs from /usr/lib/gcc-lib/i386-redhat-linux/3.2/specs
Configured with: ../configure --prefix=/usr --mandir=/usr/share/man --infodir=/usr/share/info --enable-shared --enable-threads=posix --disable-checking --host=i386-redhat-linux --with-system-zlib --enable-__cxa_atexit
Thread model: posix
gcc version 3.2 20020903 (Red Hat Linux 8.0 3.2-7)
configure:1835: $? = 0
configure:1837: gcc -V </dev/null >&5
gcc: argument to `-V' is missing
configure:1840: $? = 1
configure:1866: checking for C compiler default output
configure:1869: gcc    conftest.c  >&5
configure:1872: $? = 0
configure:1905: result: a.out
configure:1910: checking whether the C compiler works
configure:1916: ./a.out
configure:1919: $? = 0
configure:1934: result: yes
configure:1941: checking whether we are cross compiling
configure:1943: result: no
configure:1946: checking for suffix of executables
configure:1948: gcc -o conftest    conftest.c  >&5
configure:1951: $? = 0
configure:1973: result: 
configure:1979: checking for suffix of object files
configure:2003: gcc -c   conftest.c >&5
configure:2006: $? = 0
configure:2025: result: o
configure:2029: checking whether we are using the GNU C compiler
configure:2056: gcc -c   conftest.c >&5
configure:2059: $? = 0
configure:2062: test -s conftest.o
configure:2065: $? = 0
configure:2077: result: yes
configure:2083: checking whether gcc accepts -g
configure:2107: gcc -c -g  conftest.c >&5
configure:2110: $? = 0
configure:2113: test -s conftest.o
configure:2116: $? = 0
configure:2126: result: yes
configure:2153: gcc -c -g -O2  conftest.c >&5
conftest.c:2: parse error before "me"
configure:2156: $? = 1
configure: failed program was:
#ifndef __cplusplus
  choke me
#endif
configure:2268: checking for strerror in -lcposix
configure:2301: gcc -o conftest -g -O2   conftest.c -lcposix   >&5
/usr/bin/ld: cannot find -lcposix
collect2: ld returned 1 exit status
configure:2304: $? = 1
configure: failed program was:
#line 2275 "configure"
#include "confdefs.h"

/* Override any gcc2 internal prototype to avoid an error.  */
#ifdef __cplusplus
extern "C"
#endif
/* We use char because int might match the return type of a gcc2
   builtin and then its argument prototype would still apply.  */
char strerror ();
#ifdef F77_DUMMY_MAIN
#  ifdef __cplusplus
     extern "C"
#  endif
   int F77_DUMMY_MAIN() { return 1; }
#endif
int
main ()
{
strerror ();
  ;
  return 0;
}
configure:2321: result: no
configure:2375: checking for gcc
configure:2401: result: gcc
configure:2645: checking for C compiler version
configure:2648: gcc --version </dev/null >&5
gcc (GCC) 3.2 20020903 (Red Hat Linux 8.0 3.2-7)
Copyright (C) 2002 Free Software Foundation, Inc.
This is free software; see the source for copying conditions.  There is NO
warranty; not even for MERCHANTABILITY or FITNESS FOR A PARTICULAR PURPOSE.

configure:2651: $? = 0
configure:2653: gcc -v </dev/null >&5
Reading specs from /usr/lib/gcc-lib/i386-redhat-linux/3.2/specs
Configured with: ../configure --prefix=/usr --mandir=/usr/share/man --infodir=/usr/share/info --enable-shared --enable-threads=posix --disable-checking --host=i386-redhat-linux --with-system-zlib --enable-__cxa_atexit
Thread model: posix
gcc version 3.2 20020903 (Red Hat Linux 8.0 3.2-7)
configure:2656: $? = 0
configure:2658: gcc -V </dev/null >&5
gcc: argument to `-V' is missing
configure:2661: $? = 1
configure:2664: checking whether we are using the GNU C compiler
configure:2712: result: yes
configure:2718: checking whether gcc accepts -g
configure:2761: result: yes
configure:2788: gcc -c -g -O2  conftest.c >&5
conftest.c:2: parse error before "me"
configure:2791: $? = 1
configure: failed program was:
#ifndef __cplusplus
  choke me
#endif
configure:2904: checking for gcc option to accept ANSI C
configure:2969: gcc  -c -g -O2  conftest.c >&5
configure:2972: $? = 0
configure:2975: test -s conftest.o
configure:2978: $? = 0
configure:2992: result: none needed
configure:3008: checking how to run the C preprocessor
configure:3034: gcc -E  conftest.c
configure:3040: $? = 0
configure:3067: gcc -E  conftest.c
configure:3063:28: ac_nonexistent.h: No such file or directory
configure:3073: $? = 1
configure: failed program was:
#line 3062 "configure"
#include "confdefs.h"
#include <ac_nonexistent.h>
configure:3110: result: gcc -E
configure:3125: gcc -E  conftest.c
configure:3131: $? = 0
configure:3158: gcc -E  conftest.c
configure:3154:28: ac_nonexistent.h: No such file or directory
configure:3164: $? = 1
configure: failed program was:
#line 3153 "configure"
#include "confdefs.h"
#include <ac_nonexistent.h>
configure:3204: checking for ANSI C header files
configure:3218: gcc -E  conftest.c
configure:3224: $? = 0
configure:3309: gcc -o conftest -g -O2   conftest.c  >&5
configure:3312: $? = 0
configure:3314: ./conftest
configure:3317: $? = 0
configure:3331: result: yes
configure:3351: checking for pkg-config
configure:3369: found /usr/bin/pkg-config
configure:3382: result: /usr/bin/pkg-config
configure:3399: checking for libgnomeui-2.0
configure:3403: result: yes
configure:3407: checking PACKAGE_CFLAGS
configure:3410: result:  -I/usr/include/libgnomeui-2.0 -I/usr/include/libgnome-2.0 -I/usr/include/libgnomecanvas-2.0 -I/usr/include/gtk-2.0 -I/usr/include/libart-2.0 -I/usr/include/gconf/2 -I/usr/include/libbonoboui-2.0 -I/usr/include/glib-2.0 -I/usr/lib/glib-2.0/include -I/usr/include/orbit-2.0 -I/usr/include/libbonobo-2.0 -I/usr/include/gnome-vfs-2.0 -I/usr/lib/gnome-vfs-2.0/include -I/usr/include/linc-1.0 -I/usr/include/bonobo-activation-2.0 -I/usr/include/libxml2 -I/usr/include/pango-1.0 -I/usr/include/freetype2 -I/usr/lib/gtk-2.0/include -I/usr/include/atk-1.0 -I/usr/include/Xft2 -I/usr/X11R6/include  
configure:3413: checking PACKAGE_LIBS
configure:3416: result:  -L/usr/X11R6/lib -lgnomeui-2 -lSM -lICE -lbonoboui-2 -lgnomecanvas-2 -lgnome-2 -lart_lgpl_2 -lpangoft2-1.0 -lgtk-x11-2.0 -lgdk-x11-2.0 -latk-1.0 -lgdk_pixbuf-2.0 -lpangoxft-1.0 -lpangox-1.0 -lpango-1.0 -lbonobo-2 -lgconf-2 -lgnomevfs-2 -lbonobo-activation -lORBit-2 -lxml2 -lz -lm -llinc -lgmodule-2.0 -ldl -lgobject-2.0 -lgthread-2.0 -lpthread -lglib-2.0  
configure:3495: checking for ranlib
configure:3511: found /usr/bin/ranlib
configure:3522: result: ranlib
configure:3534: checking for gcc option to accept ANSI C
configure:3597: gcc  -c -g -O2  conftest.c >&5
configure:3600: $? = 0
configure:3603: test -s conftest.o
configure:3606: $? = 0
configure:3623: result: none needed
configure:3631: checking for an ANSI C-conforming const
configure:3701: gcc -c -g -O2  conftest.c >&5
configure:3704: $? = 0
configure:3707: test -s conftest.o
configure:3710: $? = 0
configure:3720: result: yes
configure:3730: checking for inline
configure:3747: gcc -c -g -O2  conftest.c >&5
configure:3750: $? = 0
configure:3753: test -s conftest.o
configure:3756: $? = 0
configure:3767: result: inline
configure:3796: checking for sys/types.h
configure:3809: gcc -c -g -O2  conftest.c >&5
configure:3812: $? = 0
configure:3815: test -s conftest.o
configure:3818: $? = 0
configure:3828: result: yes
configure:3796: checking for sys/stat.h
configure:3809: gcc -c -g -O2  conftest.c >&5
configure:3812: $? = 0
configure:3815: test -s conftest.o
configure:3818: $? = 0
configure:3828: result: yes
configure:3796: checking for stdlib.h
configure:3809: gcc -c -g -O2  conftest.c >&5
configure:3812: $? = 0
configure:3815: test -s conftest.o
configure:3818: $? = 0
configure:3828: result: yes
configure:3796: checking for string.h
configure:3809: gcc -c -g -O2  conftest.c >&5
configure:3812: $? = 0
configure:3815: test -s conftest.o
configure:3818: $? = 0
configure:3828: result: yes
configure:3796: checking for memory.h
configure:3809: gcc -c -g -O2  conftest.c >&5
configure:3812: $? = 0
configure:3815: test -s conftest.o
configure:3818: $? = 0
configure:3828: result: yes
configure:3796: checking for strings.h
configure:3809: gcc -c -g -O2  conftest.c >&5
configure:3812: $? = 0
configure:3815: test -s conftest.o
configure:3818: $? = 0
configure:3828: result: yes
configure:3796: checking for inttypes.h
configure:3809: gcc -c -g -O2  conftest.c >&5
configure:3812: $? = 0
configure:3815: test -s conftest.o
configure:3818: $? = 0
configure:3828: result: yes
configure:3796: checking for stdint.h
configure:3809: gcc -c -g -O2  conftest.c >&5
configure:3812: $? = 0
configure:3815: test -s conftest.o
configure:3818: $? = 0
configure:3828: result: yes
configure:3796: checking for unistd.h
configure:3809: gcc -c -g -O2  conftest.c >&5
configure:3812: $? = 0
configure:3815: test -s conftest.o
configure:3818: $? = 0
configure:3828: result: yes
configure:3840: checking for off_t
configure:3867: gcc -c -g -O2  conftest.c >&5
configure:3870: $? = 0
configure:3873: test -s conftest.o
configure:3876: $? = 0
configure:3886: result: yes
configure:3898: checking for size_t
configure:3925: gcc -c -g -O2  conftest.c >&5
configure:3928: $? = 0
configure:3931: test -s conftest.o
configure:3934: $? = 0
configure:3944: result: yes
configure:3958: checking for working alloca.h
configure:3982: gcc -o conftest -g -O2   conftest.c  >&5
configure:3985: $? = 0
configure:3988: test -s conftest
configure:3991: $? = 0
configure:4001: result: yes
configure:4011: checking for alloca
configure:4055: gcc -o conftest -g -O2   conftest.c  >&5
configure:4058: $? = 0
configure:4061: test -s conftest
configure:4064: $? = 0
configure:4074: result: yes
configure:4270: checking for stdlib.h
configure:4275: result: yes
configure:4270: checking for unistd.h
configure:4275: result: yes
configure:4383: checking for getpagesize
configure:4426: gcc -o conftest -g -O2   conftest.c  >&5
configure:4429: $? = 0
configure:4432: test -s conftest
configure:4435: $? = 0
configure:4445: result: yes
configure:4455: checking for working mmap
configure:4594: gcc -o conftest -g -O2   conftest.c  >&5
configure:4597: $? = 0
configure:4599: ./conftest
configure:4602: $? = 0
configure:4615: result: yes
configure:4649: checking argz.h usability
configure:4658: gcc -c -g -O2  conftest.c >&5
configure:4661: $? = 0
configure:4664: test -s conftest.o
configure:4667: $? = 0
configure:4676: result: yes
configure:4680: checking argz.h presence
configure:4687: gcc -E  conftest.c
configure:4693: $? = 0
configure:4711: result: yes
configure:4729: checking for argz.h
configure:4736: result: yes
configure:4649: checking limits.h usability
configure:4658: gcc -c -g -O2  conftest.c >&5
configure:4661: $? = 0
configure:4664: test -s conftest.o
configure:4667: $? = 0
configure:4676: result: yes
configure:4680: checking limits.h presence
configure:4687: gcc -E  conftest.c
configure:4693: $? = 0
configure:4711: result: yes
configure:4729: checking for limits.h
configure:4736: result: yes
configure:4649: checking locale.h usability
configure:4658: gcc -c -g -O2  conftest.c >&5
configure:4661: $? = 0
configure:4664: test -s conftest.o
configure:4667: $? = 0
configure:4676: result: yes
configure:4680: checking locale.h presence
configure:4687: gcc -E  conftest.c
configure:4693: $? = 0
configure:4711: result: yes
configure:4729: checking for locale.h
configure:4736: result: yes
configure:4649: checking nl_types.h usability
configure:4658: gcc -c -g -O2  conftest.c >&5
configure:4661: $? = 0
configure:4664: test -s conftest.o
configure:4667: $? = 0
configure:4676: result: yes
configure:4680: checking nl_types.h presence
configure:4687: gcc -E  conftest.c
configure:4693: $? = 0
configure:4711: result: yes
configure:4729: checking for nl_types.h
configure:4736: result: yes
configure:4649: checking malloc.h usability
configure:4658: gcc -c -g -O2  conftest.c >&5
configure:4661: $? = 0
configure:4664: test -s conftest.o
configure:4667: $? = 0
configure:4676: result: yes
configure:4680: checking malloc.h presence
configure:4687: gcc -E  conftest.c
configure:4693: $? = 0
configure:4711: result: yes
configure:4729: checking for malloc.h
configure:4736: result: yes
configure:4640: checking for string.h
configure:4645: result: yes
configure:4640: checking for unistd.h
configure:4645: result: yes
configure:4649: checking sys/param.h usability
configure:4658: gcc -c -g -O2  conftest.c >&5
configure:4661: $? = 0
configure:4664: test -s conftest.o
configure:4667: $? = 0
configure:4676: result: yes
configure:4680: checking sys/param.h presence
configure:4687: gcc -E  conftest.c
configure:4693: $? = 0
configure:4711: result: yes
configure:4729: checking for sys/param.h
configure:4736: result: yes
configure:4764: checking for getcwd
configure:4807: gcc -o conftest -g -O2   conftest.c  >&5
configure:4810: $? = 0
configure:4813: test -s conftest
configure:4816: $? = 0
configure:4826: result: yes
configure:4764: checking for munmap
configure:4807: gcc -o conftest -g -O2   conftest.c  >&5
configure:4810: $? = 0
configure:4813: test -s conftest
configure:4816: $? = 0
configure:4826: result: yes
configure:4764: checking for putenv
configure:4807: gcc -o conftest -g -O2   conftest.c  >&5
configure:4810: $? = 0
configure:4813: test -s conftest
configure:4816: $? = 0
configure:4826: result: yes
configure:4764: checking for setenv
configure:4807: gcc -o conftest -g -O2   conftest.c  >&5
configure:4810: $? = 0
configure:4813: test -s conftest
configure:4816: $? = 0
configure:4826: result: yes
configure:4764: checking for setlocale
configure:4807: gcc -o conftest -g -O2   conftest.c  >&5
configure:4810: $? = 0
configure:4813: test -s conftest
configure:4816: $? = 0
configure:4826: result: yes
configure:4764: checking for strchr
configure:4807: gcc -o conftest -g -O2   conftest.c  >&5
configure:4779: warning: conflicting types for built-in function `strchr'
configure:4810: $? = 0
configure:4813: test -s conftest
configure:4816: $? = 0
configure:4826: result: yes
configure:4764: checking for strcasecmp
configure:4807: gcc -o conftest -g -O2   conftest.c  >&5
configure:4810: $? = 0
configure:4813: test -s conftest
configure:4816: $? = 0
configure:4826: result: yes
configure:4764: checking for strdup
configure:4807: gcc -o conftest -g -O2   conftest.c  >&5
configure:4810: $? = 0
configure:4813: test -s conftest
configure:4816: $? = 0
configure:4826: result: yes
configure:4764: checking for __argz_count
configure:4807: gcc -o conftest -g -O2   conftest.c  >&5
configure:4810: $? = 0
configure:4813: test -s conftest
configure:4816: $? = 0
configure:4826: result: yes
configure:4764: checking for __argz_stringify
configure:4807: gcc -o conftest -g -O2   conftest.c  >&5
configure:4810: $? = 0
configure:4813: test -s conftest
configure:4816: $? = 0
configure:4826: result: yes
configure:4764: checking for __argz_next
configure:4807: gcc -o conftest -g -O2   conftest.c  >&5
configure:4810: $? = 0
configure:4813: test -s conftest
configure:4816: $? = 0
configure:4826: result: yes
configure:4838: checking for LC_MESSAGES
configure:4862: gcc -o conftest -g -O2   conftest.c  >&5
configure:4865: $? = 0
configure:4868: test -s conftest
configure:4871: $? = 0
configure:4881: result: yes
configure:4913: checking libintl.h usability
configure:4922: gcc -c -g -O2  conftest.c >&5
configure:4925: $? = 0
configure:4928: test -s conftest.o
configure:4931: $? = 0
configure:4940: result: yes
configure:4944: checking libintl.h presence
configure:4951: gcc -E  conftest.c
configure:4957: $? = 0
configure:4975: result: yes
configure:4993: checking for libintl.h
configure:5000: result: yes
configure:5005: checking for dgettext in libc
configure:5029: gcc -o conftest -g -O2   conftest.c  >&5
configure:5032: $? = 0
configure:5035: test -s conftest
configure:5038: $? = 0
configure:5048: result: yes
configure:5256: checking for msgfmt
configure:5283: result: /usr/bin/msgfmt
configure:5294: checking for dcgettext
configure:5337: gcc -o conftest -g -O2   conftest.c  >&5
configure:5340: $? = 0
configure:5343: test -s conftest
configure:5346: $? = 0
configure:5356: result: yes
configure:5368: checking for gmsgfmt
configure:5399: result: /usr/bin/msgfmt
configure:5408: checking for xgettext
configure:5435: result: /usr/bin/xgettext
configure:5462: gcc -o conftest -g -O2   conftest.c  >&5
configure:5465: $? = 0
configure:5468: test -s conftest
configure:5471: $? = 0
configure:5786: creating ./config.status

## ---------------------- ##
## Running config.status. ##
## ---------------------- ##

This file was extended by config.status, which was
generated by GNU Autoconf 2.53.  Invocation command line was

  CONFIG_FILES    = 
  CONFIG_HEADERS  = 
  CONFIG_LINKS    = 
  CONFIG_COMMANDS = 
  $ ./config.status 

on q-bert.lkpg.cendio.se

config.status:616: creating Makefile
config.status:616: creating src/Makefile
config.status:616: creating pixmaps/Makefile
config.status:616: creating po/Makefile.in
config.status:720: creating config.h
config.status:998: executing default-1 commands
config.status:998: executing default-2 commands

## ---------------- ##
## Cache variables. ##
## ---------------- ##

ac_cv_c_compiler_gnu=yes
ac_cv_c_const=yes
ac_cv_c_inline=inline
ac_cv_env_CC_set=
ac_cv_env_CC_value=
ac_cv_env_CFLAGS_set=
ac_cv_env_CFLAGS_value=
ac_cv_env_CPPFLAGS_set=
ac_cv_env_CPPFLAGS_value=
ac_cv_env_CPP_set=
ac_cv_env_CPP_value=
ac_cv_env_LDFLAGS_set=
ac_cv_env_LDFLAGS_value=
ac_cv_env_build_alias_set=
ac_cv_env_build_alias_value=
ac_cv_env_host_alias_set=
ac_cv_env_host_alias_value=
ac_cv_env_target_alias_set=
ac_cv_env_target_alias_value=
ac_cv_exeext=
ac_cv_func___argz_count=yes
ac_cv_func___argz_next=yes
ac_cv_func___argz_stringify=yes
ac_cv_func_alloca_works=yes
ac_cv_func_dcgettext=yes
ac_cv_func_getcwd=yes
ac_cv_func_getpagesize=yes
ac_cv_func_mmap_fixed_mapped=yes
ac_cv_func_munmap=yes
ac_cv_func_putenv=yes
ac_cv_func_setenv=yes
ac_cv_func_setlocale=yes
ac_cv_func_strcasecmp=yes
ac_cv_func_strchr=yes
ac_cv_func_strdup=yes
ac_cv_header_argz_h=yes
ac_cv_header_inttypes_h=yes
ac_cv_header_libintl_h=yes
ac_cv_header_limits_h=yes
ac_cv_header_locale_h=yes
ac_cv_header_malloc_h=yes
ac_cv_header_memory_h=yes
ac_cv_header_nl_types_h=yes
ac_cv_header_stdc=yes
ac_cv_header_stdint_h=yes
ac_cv_header_stdlib_h=yes
ac_cv_header_string_h=yes
ac_cv_header_strings_h=yes
ac_cv_header_sys_param_h=yes
ac_cv_header_sys_stat_h=yes
ac_cv_header_sys_types_h=yes
ac_cv_header_unistd_h=yes
ac_cv_lib_cposix_strerror=no
ac_cv_objext=o
ac_cv_path_GMSGFMT=/usr/bin/msgfmt
ac_cv_path_MSGFMT=/usr/bin/msgfmt
ac_cv_path_PKG_CONFIG=/usr/bin/pkg-config
ac_cv_path_XGETTEXT=/usr/bin/xgettext
ac_cv_path_install='/usr/bin/install -c'
ac_cv_prog_CPP='gcc -E'
ac_cv_prog_ac_ct_CC=gcc
ac_cv_prog_ac_ct_RANLIB=ranlib
ac_cv_prog_cc_g=yes
ac_cv_prog_cc_stdc=
ac_cv_prog_make_make_set=yes
ac_cv_type_off_t=yes
ac_cv_type_size_t=yes
ac_cv_working_alloca_h=yes
am_cv_prog_cc_stdc=
am_cv_val_LC_MESSAGES=yes
gt_cv_func_dgettext_libc=yes
gt_cv_func_dgettext_libintl=no
nls_cv_force_use_gnu_gettext=no
nls_cv_header_intl=
nls_cv_header_libgt=
nls_cv_use_gnu_gettext=no

## ----------- ##
## confdefs.h. ##
## ----------- ##

#define PACKAGE_NAME ""
#define PACKAGE_TARNAME ""
#define PACKAGE_VERSION ""
#define PACKAGE_STRING ""
#define PACKAGE_BUGREPORT ""
#define PACKAGE "gamazons"
#define VERSION "0.83"
#define STDC_HEADERS 1
#define GETTEXT_PACKAGE "gamazons"
#define HAVE_SYS_TYPES_H 1
#define HAVE_SYS_STAT_H 1
#define HAVE_STDLIB_H 1
#define HAVE_STRING_H 1
#define HAVE_MEMORY_H 1
#define HAVE_STRINGS_H 1
#define HAVE_INTTYPES_H 1
#define HAVE_STDINT_H 1
#define HAVE_UNISTD_H 1
#define HAVE_ALLOCA_H 1
#define HAVE_ALLOCA 1
#define HAVE_STDLIB_H 1
#define HAVE_UNISTD_H 1
#define HAVE_GETPAGESIZE 1
#define HAVE_MMAP 1
#define HAVE_ARGZ_H 1
#define HAVE_LIMITS_H 1
#define HAVE_LOCALE_H 1
#define HAVE_NL_TYPES_H 1
#define HAVE_MALLOC_H 1
#define HAVE_STRING_H 1
#define HAVE_UNISTD_H 1
#define HAVE_SYS_PARAM_H 1
#define HAVE_GETCWD 1
#define HAVE_MUNMAP 1
#define HAVE_PUTENV 1
#define HAVE_SETENV 1
#define HAVE_SETLOCALE 1
#define HAVE_STRCHR 1
#define HAVE_STRCASECMP 1
#define HAVE_STRDUP 1
#define HAVE___ARGZ_COUNT 1
#define HAVE___ARGZ_STRINGIFY 1
#define HAVE___ARGZ_NEXT 1
#define HAVE_LC_MESSAGES 1
#define HAVE_GETTEXT 1
#define HAVE_DCGETTEXT 1
#define ENABLE_NLS 1

configure: exit 0

## ---------------------- ##
## Running config.status. ##
## ---------------------- ##

This file was extended by config.status, which was
generated by GNU Autoconf 2.53.  Invocation command line was

  CONFIG_FILES    = 
  CONFIG_HEADERS  = 
  CONFIG_LINKS    = 
  CONFIG_COMMANDS = 
  $ ./config.status 

on snuttis.lkpg.cendio.se

config.status:616: creating Makefile
config.status:616: creating src/Makefile
config.status:616: creating pixmaps/Makefile
config.status:616: creating po/Makefile.in
config.status:720: creating config.h
config.status:903: config.h is unchanged
config.status:998: executing default-1 commands
config.status:998: executing default-2 commands

## ---------------------- ##
## Running config.status. ##
## ---------------------- ##

This file was extended by config.status, which was
generated by GNU Autoconf 2.53.  Invocation command line was

  CONFIG_FILES    = 
  CONFIG_HEADERS  = 
  CONFIG_LINKS    = 
  CONFIG_COMMANDS = 
  $ ./config.status 

on snuttis.lkpg.cendio.se

config.status:616: creating Makefile
config.status:616: creating src/Makefile
config.status:616: creating pixmaps/Makefile
config.status:616: creating po/Makefile.in
config.status:720: creating config.h
config.status:903: config.h is unchanged
config.status:998: executing default-1 commands
config.status:998: executing default-2 commands

## ---------------------- ##
## Running config.status. ##
## ---------------------- ##

This file was extended by config.status, which was
generated by GNU Autoconf 2.53.  Invocation command line was

  CONFIG_FILES    = 
  CONFIG_HEADERS  = 
  CONFIG_LINKS    = 
  CONFIG_COMMANDS = 
  $ ./config.status 

on snuttis.lkpg.cendio.se

config.status:616: creating Makefile
config.status:616: creating src/Makefile
config.status:616: creating pixmaps/Makefile
config.status:616: creating po/Makefile.in
config.status:720: creating config.h
config.status:903: config.h is unchanged
config.status:998: executing default-1 commands
config.status:998: executing default-2 commands

## ---------------------- ##
## Running config.status. ##
## ---------------------- ##

This file was extended by config.status, which was
generated by GNU Autoconf 2.53.  Invocation command line was

  CONFIG_FILES    = 
  CONFIG_HEADERS  = 
  CONFIG_LINKS    = 
  CONFIG_COMMANDS = 
  $ ./config.status 

on snuttis.lkpg.cendio.se

config.status:616: creating Makefile
config.status:616: creating src/Makefile
config.status:616: creating pixmaps/Makefile
config.status:616: creating po/Makefile.in
config.status:720: creating config.h
config.status:903: config.h is unchanged
config.status:998: executing default-1 commands
config.status:998: executing default-2 commands
